<testsuites>
  <testsuite tests="2" failures="0" time="0.160" name="package/name" timestamp="2020-11-08T18:09:18Z">
		<properties>
			<property name="go.version" value="1.0"></property>
		</properties>
		<testcase classname="name" name="TestOne" time="0.060"></testcase>
		<testcase classname="name" name="TestTwo" time="0.100"></testcase>
  </testsuite>
  <testsuite tests="5" failures="2" time="0.50" name="TC1" timestamp="2020-11-09T18:09:18Z">
		<testcase classname="c1" name="tc1" time="0.100"></testcase>
		<testcase classname="c2" name="tc2" time="0.100"></testcase>
		<testcase classname="c3" name="tc3" time="0.100"></testcase>
		<testcase classname="c4" name="tc4" time="0.100"></testcase>
		<testcase classname="c5" name="tc5" time="0.100"></testcase>
  </testsuite>
</testsuites>
